# JRE version: Java(TM) SE Runtime Environment 18.9 (11.0.14+8) (build 11.0.14+8-LTS-263)
# Java VM: Java HotSpot(TM) 64-Bit Server VM 18.9 (11.0.14+8-LTS-263, mixed mode, tiered, compressed oops, g1 gc, bsd-amd64)
Heap:
 garbage-first heap   total 359424K, used 178676K [0x00000007c0000000, 0x0000000800000000)
  region size 1024K, 85 young (87040K), 18 survivors (18432K)
 Metaspace       used 16531K, capacity 16991K, committed 17280K, reserved 1064960K
  class space    used 2201K, capacity 2399K, committed 2432K, reserved 1048576K
GC Heap History (10 events):
Event: 3.963 GC heap before
{Heap before GC invocations=30 (full 5):
 garbage-first heap   total 186368K, used 113829K [0x00000007c0000000, 0x0000000800000000)
  region size 1024K, 53 young (54272K), 6 survivors (6144K)
 Metaspace       used 15855K, capacity 16290K, committed 16512K, reserved 1062912K
  class space    used 2125K, capacity 2312K, committed 2432K, reserved 1048576K
}
Event: 3.976 GC heap after
{Heap after GC invocations=31 (full 5):
 garbage-first heap   total 186368K, used 73636K [0x00000007c0000000, 0x0000000800000000)
  region size 1024K, 7 young (7168K), 7 survivors (7168K)
 Metaspace       used 15855K, capacity 16290K, committed 16512K, reserved 1062912K
  class space    used 2125K, capacity 2312K, committed 2432K, reserved 1048576K
}
Event: 4.028 GC heap before
{Heap before GC invocations=31 (full 5):
 garbage-first heap   total 186368K, used 124836K [0x00000007c0000000, 0x0000000800000000)
  region size 1024K, 57 young (58368K), 7 survivors (7168K)
 Metaspace       used 15862K, capacity 16292K, committed 16512K, reserved 1062912K
  class space    used 2125K, capacity 2312K, committed 2432K, reserved 1048576K
}
Event: 4.037 GC heap after
{Heap after GC invocations=32 (full 5):
 garbage-first heap   total 186368K, used 80414K [0x00000007c0000000, 0x0000000800000000)
  region size 1024K, 7 young (7168K), 7 survivors (7168K)
 Metaspace       used 15862K, capacity 16292K, committed 16512K, reserved 1062912K
  class space    used 2125K, capacity 2312K, committed 2432K, reserved 1048576K
}
Event: 4.087 GC heap before
{Heap before GC invocations=32 (full 5):
 garbage-first heap   total 186368K, used 131614K [0x00000007c0000000, 0x0000000800000000)
  region size 1024K, 57 young (58368K), 7 survivors (7168K)
 Metaspace       used 15865K, capacity 16295K, committed 16512K, reserved 1062912K
  class space    used 2125K, capacity 2312K, committed 2432K, reserved 1048576K
}
Event: 4.097 GC heap after
{Heap after GC invocations=33 (full 5):
 garbage-first heap   total 359424K, used 86948K [0x00000007c0000000, 0x0000000800000000)
  region size 1024K, 7 young (7168K), 7 survivors (7168K)
 Metaspace       used 15865K, capacity 16295K, committed 16512K, reserved 1062912K
  class space    used 2125K, capacity 2312K, committed 2432K, reserved 1048576K
}
Event: 4.319 GC heap before
{Heap before GC invocations=33 (full 5):
 garbage-first heap   total 359424K, used 186276K [0x00000007c0000000, 0x0000000800000000)
  region size 1024K, 104 young (106496K), 7 survivors (7168K)
 Metaspace       used 15957K, capacity 16402K, committed 16768K, reserved 1062912K
  class space    used 2166K, capacity 2347K, committed 2432K, reserved 1048576K
}
Event: 4.336 GC heap after
{Heap after GC invocations=34 (full 5):
 garbage-first heap   total 359424K, used 97188K [0x00000007c0000000, 0x0000000800000000)
  region size 1024K, 13 young (13312K), 13 survivors (13312K)
 Metaspace       used 15957K, capacity 16402K, committed 16768K, reserved 1062912K
  class space    used 2166K, capacity 2347K, committed 2432K, reserved 1048576K
}
Event: 4.466 GC heap before
{Heap before GC invocations=34 (full 5):
 garbage-first heap   total 359424K, used 229284K [0x00000007c0000000, 0x0000000800000000)
  region size 1024K, 142 young (145408K), 13 survivors (13312K)
 Metaspace       used 15957K, capacity 16402K, committed 16768K, reserved 1062912K
  class space    used 2166K, capacity 2347K, committed 2432K, reserved 1048576K
}
Event: 4.490 GC heap after
{Heap after GC invocations=35 (full 5):
 garbage-first heap   total 359424K, used 111092K [0x00000007c0000000, 0x0000000800000000)
  region size 1024K, 18 young (18432K), 18 survivors (18432K)
 Metaspace       used 15957K, capacity 16402K, committed 16768K, reserved 1062912K
  class space    used 2166K, capacity 2347K, committed 2432K, reserved 1048576K
}

