# JRE version: Java(TM) SE Runtime Environment 18.9 (11.0.14+8) (build 11.0.14+8-LTS-263)
# Java VM: Java HotSpot(TM) 64-Bit Server VM 18.9 (11.0.14+8-LTS-263, mixed mode, tiered, compressed oops, g1 gc, bsd-amd64)
Heap:
 garbage-first heap   total 252928K, used 119207K [0x00000007c0000000, 0x0000000800000000)
  region size 1024K, 40 young (40960K), 1 survivors (1024K)
 Metaspace       used 16719K, capacity 17244K, committed 17536K, reserved 1064960K
  class space    used 2204K, capacity 2399K, committed 2432K, reserved 1048576K
GC Heap History (10 events):
Event: 6.287 GC heap before
{Heap before GC invocations=44 (full 13):
 garbage-first heap   total 252928K, used 202841K [0x00000007c0000000, 0x0000000800000000)
  region size 1024K, 122 young (124928K), 2 survivors (2048K)
 Metaspace       used 16441K, capacity 16921K, committed 17280K, reserved 1064960K
  class space    used 2174K, capacity 2356K, committed 2432K, reserved 1048576K
}
Event: 6.289 GC heap after
{Heap after GC invocations=45 (full 13):
 garbage-first heap   total 252928K, used 80164K [0x00000007c0000000, 0x0000000800000000)
  region size 1024K, 2 young (2048K), 2 survivors (2048K)
 Metaspace       used 16441K, capacity 16921K, committed 17280K, reserved 1064960K
  class space    used 2174K, capacity 2356K, committed 2432K, reserved 1048576K
}
Event: 840.274 GC heap before
{Heap before GC invocations=45 (full 13):
 garbage-first heap   total 252928K, used 207140K [0x00000007c0000000, 0x0000000800000000)
  region size 1024K, 126 young (129024K), 2 survivors (2048K)
 Metaspace       used 16715K, capacity 17240K, committed 17536K, reserved 1064960K
  class space    used 2204K, capacity 2399K, committed 2432K, reserved 1048576K
}
Event: 840.276 GC heap after
{Heap after GC invocations=46 (full 13):
 garbage-first heap   total 252928K, used 79148K [0x00000007c0000000, 0x0000000800000000)
  region size 1024K, 1 young (1024K), 1 survivors (1024K)
 Metaspace       used 16715K, capacity 17240K, committed 17536K, reserved 1064960K
  class space    used 2204K, capacity 2399K, committed 2432K, reserved 1048576K
}
Event: 840.391 GC heap before
{Heap before GC invocations=46 (full 13):
 garbage-first heap   total 252928K, used 128300K [0x00000007c0000000, 0x0000000800000000)
  region size 1024K, 50 young (51200K), 1 survivors (1024K)
 Metaspace       used 16715K, capacity 17240K, committed 17536K, reserved 1064960K
  class space    used 2204K, capacity 2399K, committed 2432K, reserved 1048576K
}
Event: 840.495 GC heap after
{Heap after GC invocations=47 (full 14):
 garbage-first heap   total 252928K, used 78943K [0x00000007c0000000, 0x0000000800000000)
  region size 1024K, 0 young (0K), 0 survivors (0K)
 Metaspace       used 16715K, capacity 17240K, committed 17536K, reserved 1064960K
  class space    used 2204K, capacity 2399K, committed 2432K, reserved 1048576K
}
Event: 840.553 GC heap before
{Heap before GC invocations=47 (full 14):
 garbage-first heap   total 252928K, used 116831K [0x00000007c0000000, 0x0000000800000000)
  region size 1024K, 38 young (38912K), 0 survivors (0K)
 Metaspace       used 16715K, capacity 17240K, committed 17536K, reserved 1064960K
  class space    used 2204K, capacity 2399K, committed 2432K, reserved 1048576K
}
Event: 840.618 GC heap after
{Heap after GC invocations=48 (full 15):
 garbage-first heap   total 252928K, used 79709K [0x00000007c0000000, 0x0000000800000000)
  region size 1024K, 0 young (0K), 0 survivors (0K)
 Metaspace       used 16715K, capacity 17240K, committed 17536K, reserved 1064960K
  class space    used 2204K, capacity 2399K, committed 2432K, reserved 1048576K
}
Event: 840.802 GC heap before
{Heap before GC invocations=48 (full 15):
 garbage-first heap   total 252928K, used 210781K [0x00000007c0000000, 0x0000000800000000)
  region size 1024K, 128 young (131072K), 0 survivors (0K)
 Metaspace       used 16718K, capacity 17244K, committed 17536K, reserved 1064960K
  class space    used 2204K, capacity 2399K, committed 2432K, reserved 1048576K
}
Event: 840.804 GC heap after
{Heap after GC invocations=49 (full 15):
 garbage-first heap   total 252928K, used 80295K [0x00000007c0000000, 0x0000000800000000)
  region size 1024K, 1 young (1024K), 1 survivors (1024K)
 Metaspace       used 16718K, capacity 17244K, committed 17536K, reserved 1064960K
  class space    used 2204K, capacity 2399K, committed 2432K, reserved 1048576K
}

