# JRE version: Java(TM) SE Runtime Environment 18.9 (11.0.14+8) (build 11.0.14+8-LTS-263)
# Java VM: Java HotSpot(TM) 64-Bit Server VM 18.9 (11.0.14+8-LTS-263, mixed mode, tiered, compressed oops, g1 gc, bsd-amd64)
Heap:
 garbage-first heap   total 34816K, used 22266K [0x00000007c0000000, 0x0000000800000000)
  region size 1024K, 7 young (7168K), 1 survivors (1024K)
 Metaspace       used 13750K, capacity 14057K, committed 14208K, reserved 1060864K
  class space    used 1740K, capacity 1860K, committed 1920K, reserved 1048576K
GC Heap History (10 events):
Event: 2.308 GC heap before
{Heap before GC invocations=17 (full 3):
 garbage-first heap   total 24576K, used 9501K [0x00000007c0000000, 0x0000000800000000)
  region size 1024K, 4 young (4096K), 2 survivors (2048K)
 Metaspace       used 13305K, capacity 13584K, committed 13824K, reserved 1060864K
  class space    used 1657K, capacity 1772K, committed 1792K, reserved 1048576K
}
Event: 2.311 GC heap after
{Heap after GC invocations=18 (full 3):
 garbage-first heap   total 77824K, used 9080K [0x00000007c0000000, 0x0000000800000000)
  region size 1024K, 1 young (1024K), 1 survivors (1024K)
 Metaspace       used 13305K, capacity 13584K, committed 13824K, reserved 1060864K
  class space    used 1657K, capacity 1772K, committed 1792K, reserved 1048576K
}
Event: 2.388 GC heap before
{Heap before GC invocations=18 (full 3):
 garbage-first heap   total 77824K, used 10104K [0x00000007c0000000, 0x0000000800000000)
  region size 1024K, 3 young (3072K), 1 survivors (1024K)
 Metaspace       used 13308K, capacity 13584K, committed 13824K, reserved 1060864K
  class space    used 1657K, capacity 1772K, committed 1792K, reserved 1048576K
}
Event: 2.403 GC heap after
{Heap after GC invocations=19 (full 4):
 garbage-first heap   total 34816K, used 9304K [0x00000007c0000000, 0x0000000800000000)
  region size 1024K, 0 young (0K), 0 survivors (0K)
 Metaspace       used 13308K, capacity 13584K, committed 13824K, reserved 1060864K
  class space    used 1657K, capacity 1772K, committed 1792K, reserved 1048576K
}
Event: 2.934 GC heap before
{Heap before GC invocations=19 (full 4):
 garbage-first heap   total 34816K, used 25688K [0x00000007c0000000, 0x0000000800000000)
  region size 1024K, 10 young (10240K), 0 survivors (0K)
 Metaspace       used 13328K, capacity 13648K, committed 13824K, reserved 1060864K
  class space    used 1657K, capacity 1772K, committed 1792K, reserved 1048576K
}
Event: 2.943 GC heap after
{Heap after GC invocations=20 (full 4):
 garbage-first heap   total 34816K, used 18149K [0x00000007c0000000, 0x0000000800000000)
  region size 1024K, 2 young (2048K), 2 survivors (2048K)
 Metaspace       used 13328K, capacity 13648K, committed 13824K, reserved 1060864K
  class space    used 1657K, capacity 1772K, committed 1792K, reserved 1048576K
}
Event: 3.026 GC heap before
{Heap before GC invocations=20 (full 4):
 garbage-first heap   total 34816K, used 19173K [0x00000007c0000000, 0x0000000800000000)
  region size 1024K, 4 young (4096K), 2 survivors (2048K)
 Metaspace       used 13330K, capacity 13648K, committed 13824K, reserved 1060864K
  class space    used 1657K, capacity 1772K, committed 1792K, reserved 1048576K
}
Event: 3.049 GC heap after
{Heap after GC invocations=21 (full 5):
 garbage-first heap   total 34816K, used 15782K [0x00000007c0000000, 0x0000000800000000)
  region size 1024K, 0 young (0K), 0 survivors (0K)
 Metaspace       used 13330K, capacity 13648K, committed 13824K, reserved 1060864K
  class space    used 1657K, capacity 1772K, committed 1792K, reserved 1048576K
}
Event: 3.278 GC heap before
{Heap before GC invocations=21 (full 5):
 garbage-first heap   total 34816K, used 22950K [0x00000007c0000000, 0x0000000800000000)
  region size 1024K, 7 young (7168K), 0 survivors (0K)
 Metaspace       used 13606K, capacity 13927K, committed 14208K, reserved 1060864K
  class space    used 1699K, capacity 1813K, committed 1920K, reserved 1048576K
}
Event: 3.283 GC heap after
{Heap after GC invocations=22 (full 5):
 garbage-first heap   total 34816K, used 17146K [0x00000007c0000000, 0x0000000800000000)
  region size 1024K, 1 young (1024K), 1 survivors (1024K)
 Metaspace       used 13606K, capacity 13927K, committed 14208K, reserved 1060864K
  class space    used 1699K, capacity 1813K, committed 1920K, reserved 1048576K
}

